2025-04-04 08:55:10.385961 - Received CBT.V508.FILE386.PDS from FILE386.XMI 
2025-04-04 08:55:10.387600 - Found $$$#DATE.txt (text/plain) in CBT.V508.FILE386.PDS, moved to PDS/$$$#DATE
2025-04-04 08:55:10.387747 - Found $$$READM.txt (text/plain) in CBT.V508.FILE386.PDS, moved to PDS/$$$READM
2025-04-04 08:55:10.387887 - Found $$INDEX.txt (text/plain) in CBT.V508.FILE386.PDS, moved to PDS/$$INDEX
2025-04-04 08:55:10.388018 - Found $CHANGES.txt (text/plain) in CBT.V508.FILE386.PDS, moved to PDS/$CHANGES
2025-04-04 08:55:10.388143 - Found @EQISPF.txt (text/plain) in CBT.V508.FILE386.PDS, moved to PDS/@EQISPF
2025-04-04 08:55:10.388266 - Found @EQUS.txt (text/plain) in CBT.V508.FILE386.PDS, moved to PDS/@EQUS
2025-04-04 08:55:10.388409 - Found @FILE386.txt (text/plain) in CBT.V508.FILE386.PDS, moved to PDS/@FILE386
2025-04-04 08:55:10.388536 - Found @ISPFVD.txt (text/plain) in CBT.V508.FILE386.PDS, moved to PDS/@ISPFVD
2025-04-04 08:55:10.388658 - Found ASMALL.jcl (text/plain) in CBT.V508.FILE386.PDS, moved to PDS/ASMALL
2025-04-04 08:55:10.388781 - Found ASMFLOC.jcl (text/plain) in CBT.V508.FILE386.PDS, moved to PDS/ASMFLOC
2025-04-04 08:55:10.388909 - Found IGX00200.txt (text/plain) in CBT.V508.FILE386.PDS, moved to PDS/IGX00200
2025-04-04 08:55:10.389045 - Found IRXF@CA1.txt (text/plain) in CBT.V508.FILE386.PDS, moved to PDS/IRXF@CA1
2025-04-04 08:55:10.389166 - Found IRXF@CMD.txt (text/plain) in CBT.V508.FILE386.PDS, moved to PDS/IRXF@CMD
2025-04-04 08:55:10.389313 - Found IRXF@CSI.txt (text/plain) in CBT.V508.FILE386.PDS, moved to PDS/IRXF@CSI
2025-04-04 08:55:10.389449 - Found IRXF@DAI.txt (text/plain) in CBT.V508.FILE386.PDS, moved to PDS/IRXF@DAI
2025-04-04 08:55:10.389597 - Found IRXF@DLY.txt (text/plain) in CBT.V508.FILE386.PDS, moved to PDS/IRXF@DLY
2025-04-04 08:55:10.389732 - Found IRXF@DOM.txt (text/plain) in CBT.V508.FILE386.PDS, moved to PDS/IRXF@DOM
2025-04-04 08:55:10.389863 - Found IRXF@EDM.txt (text/plain) in CBT.V508.FILE386.PDS, moved to PDS/IRXF@EDM
2025-04-04 08:55:10.389994 - Found IRXF@ENQ.txt (text/plain) in CBT.V508.FILE386.PDS, moved to PDS/IRXF@ENQ
2025-04-04 08:55:10.390114 - Found IRXF@MAT.txt (text/plain) in CBT.V508.FILE386.PDS, moved to PDS/IRXF@MAT
2025-04-04 08:55:10.390241 - Found IRXF@MOD.txt (text/plain) in CBT.V508.FILE386.PDS, moved to PDS/IRXF@MOD
2025-04-04 08:55:10.390373 - Found IRXF@MON.txt (text/plain) in CBT.V508.FILE386.PDS, moved to PDS/IRXF@MON
2025-04-04 08:55:10.390493 - Found IRXF@SRT.txt (text/plain) in CBT.V508.FILE386.PDS, moved to PDS/IRXF@SRT
2025-04-04 08:55:10.390629 - Found IRXF@U34.txt (text/plain) in CBT.V508.FILE386.PDS, moved to PDS/IRXF@U34
2025-04-04 08:55:10.390775 - Found IRXF@VSK.txt (text/plain) in CBT.V508.FILE386.PDS, moved to PDS/IRXF@VSK
2025-04-04 08:55:10.390896 - Found IRXF@VST.txt (text/plain) in CBT.V508.FILE386.PDS, moved to PDS/IRXF@VST
2025-04-04 08:55:10.391016 - Found IRXF@WTO.txt (text/plain) in CBT.V508.FILE386.PDS, moved to PDS/IRXF@WTO
2025-04-04 08:55:10.391134 - Found IRXFLOC.txt (text/plain) in CBT.V508.FILE386.PDS, moved to PDS/IRXFLOC
2025-04-04 08:55:10.391262 - Found IRXFLOC$.txt (text/plain) in CBT.V508.FILE386.PDS, moved to PDS/IRXFLOC$
2025-04-04 08:55:10.391402 - Found IRXFLOCJ.jcl (text/plain) in CBT.V508.FILE386.PDS, moved to PDS/IRXFLOCJ
2025-04-04 08:55:10.391518 - Found IRXFMAT.txt (text/plain) in CBT.V508.FILE386.PDS, moved to PDS/IRXFMAT
2025-04-04 08:55:10.391639 - Found IRXFMONI.txt (text/plain) in CBT.V508.FILE386.PDS, moved to PDS/IRXFMONI
2025-04-04 08:55:10.391764 - Found IRXFMONP.txt (text/plain) in CBT.V508.FILE386.PDS, moved to PDS/IRXFMONP
2025-04-04 08:55:10.391879 - Found ISFPSAM$.txt (text/plain) in CBT.V508.FILE386.PDS, moved to PDS/ISFPSAM$
2025-04-04 08:55:10.391996 - Found ISFPSAMC.txt (text/plain) in CBT.V508.FILE386.PDS, moved to PDS/ISFPSAMC
2025-04-04 08:55:10.392118 - Found ISFPSAMP.txt (text/plain) in CBT.V508.FILE386.PDS, moved to PDS/ISFPSAMP
2025-04-04 08:55:10.392239 - Found ISFPSAMR.txt (text/plain) in CBT.V508.FILE386.PDS, moved to PDS/ISFPSAMR
2025-04-04 08:55:10.392355 - Found ISFPSAM1.rexx (text/plain) in CBT.V508.FILE386.PDS, moved to PDS/ISFPSAM1
2025-04-04 08:55:10.392469 - Found UTILMATC.txt (text/plain) in CBT.V508.FILE386.PDS, moved to PDS/UTILMATC
